20:47:28 INFO  - Image pull policy will be performed by: DefaultPullPolicy()
20:47:28 INFO  - Image name substitution will be performed by: DefaultImageNameSubstitutor (composite of 'ConfigurationFileImageNameSubstitutor' and 'PrefixingImageNameSubstitutor')
20:47:29 INFO  - docker-machine executable was not found on PATH ([C:\WINDOWS\system32, C:\WINDOWS, C:\WINDOWS\System32\Wbem, C:\WINDOWS\System32\WindowsPowerShell\v1.0\, C:\WINDOWS\System32\OpenSSH\, C:\Program Files (x86)\NVIDIA Corporation\PhysX\Common, C:\Program Files\Git\cmd, C:\Program Files\NVIDIA Corporation\NVIDIA app\NvDLISR, D:\nodejs\, C:\Program Files\Microsoft SQL Server\120\Tools\Binn\, C:\Program Files\Docker\Docker\resources\bin, D:\Programs\Scripts\, D:\Programs\, C:\Users\jeziz\AppData\Local\Programs\Python\Python311\Scripts\, C:\Users\jeziz\AppData\Local\Programs\Python\Python311\, C:\Users\jeziz\AppData\Local\Programs\Python\Python312\Scripts\, C:\Users\jeziz\AppData\Local\Programs\Python\Python312\, C:\Users\jeziz\AppData\Local\Microsoft\WindowsApps, D:\PyCharmProg\PyCharm Community Edition 2024.1\bin, D:\Microsoft VS Code\bin, C:\Users\jeziz\AppData\Roaming\npm, C:\Users\jeziz\AppData\Local\JetBrains\Toolbox\scripts, C:\Users\jeziz\AppData\Local\JetBrains\KtorCLI\])
20:47:29 ERROR - Could not find a valid Docker environment. Please check configuration. Attempted configurations were:
As no valid configuration was found, execution cannot continue.
See https://java.testcontainers.org/on_failure.html for more details.
21:17:22 INFO  - Autoreload is disabled because the development mode is off.
21:17:22 INFO  - Application started in 0.361 seconds.
21:17:22 INFO  - Responding at http://127.0.0.1:8080
21:17:22 INFO  - 🔔 Событие наступило: [cleaning] в 2025-04-08T14:26:36
21:17:22 INFO  - 🔔 Событие наступило: [shopping] в 2025-03-05T14:26:41
21:17:27 INFO  - 🔔 Событие наступило: [cleaning] в 2025-04-08T14:26:36
21:17:27 INFO  - 🔔 Событие наступило: [shopping] в 2025-03-05T14:26:41
21:17:32 INFO  - 🔔 Событие наступило: [cleaning] в 2025-04-08T14:26:36
21:17:32 INFO  - 🔔 Событие наступило: [shopping] в 2025-03-05T14:26:41
21:17:37 INFO  - 🔔 Событие наступило: [cleaning] в 2025-04-08T14:26:36
21:17:37 INFO  - 🔔 Событие наступило: [shopping] в 2025-03-05T14:26:41
21:17:42 INFO  - 🔔 Событие наступило: [cleaning] в 2025-04-08T14:26:36
21:17:42 INFO  - 🔔 Событие наступило: [shopping] в 2025-03-05T14:26:41
21:17:47 INFO  - 🔔 Событие наступило: [cleaning] в 2025-04-08T14:26:36
21:17:47 INFO  - 🔔 Событие наступило: [shopping] в 2025-03-05T14:26:41
21:17:53 INFO  - 🔔 Событие наступило: [cleaning] в 2025-04-08T14:26:36
21:17:53 INFO  - 🔔 Событие наступило: [shopping] в 2025-03-05T14:26:41
21:17:58 INFO  - 🔔 Событие наступило: [cleaning] в 2025-04-08T14:26:36
21:17:58 INFO  - 🔔 Событие наступило: [shopping] в 2025-03-05T14:26:41
21:18:03 INFO  - 🔔 Событие наступило: [cleaning] в 2025-04-08T14:26:36
21:18:03 INFO  - 🔔 Событие наступило: [shopping] в 2025-03-05T14:26:41
21:18:08 INFO  - 🔔 Событие наступило: [cleaning] в 2025-04-08T14:26:36
21:18:08 INFO  - 🔔 Событие наступило: [shopping] в 2025-03-05T14:26:41
21:18:13 INFO  - 🔔 Событие наступило: [cleaning] в 2025-04-08T14:26:36
21:18:13 INFO  - 🔔 Событие наступило: [shopping] в 2025-03-05T14:26:41
21:18:18 INFO  - 🔔 Событие наступило: [cleaning] в 2025-04-08T14:26:36
21:18:18 INFO  - 🔔 Событие наступило: [shopping] в 2025-03-05T14:26:41
21:18:23 INFO  - 🔔 Событие наступило: [cleaning] в 2025-04-08T14:26:36
21:18:23 INFO  - 🔔 Событие наступило: [shopping] в 2025-03-05T14:26:41
21:18:28 INFO  - 🔔 Событие наступило: [cleaning] в 2025-04-08T14:26:36
21:18:28 INFO  - 🔔 Событие наступило: [shopping] в 2025-03-05T14:26:41
21:18:33 INFO  - 🔔 Событие наступило: [cleaning] в 2025-04-08T14:26:36
21:18:33 INFO  - 🔔 Событие наступило: [shopping] в 2025-03-05T14:26:41
21:18:38 INFO  - 🔔 Событие наступило: [cleaning] в 2025-04-08T14:26:36
21:18:38 INFO  - 🔔 Событие наступило: [shopping] в 2025-03-05T14:26:41
21:18:43 INFO  - 🔔 Событие наступило: [cleaning] в 2025-04-08T14:26:36
21:18:43 INFO  - 🔔 Событие наступило: [shopping] в 2025-03-05T14:26:41
21:18:48 INFO  - 🔔 Событие наступило: [cleaning] в 2025-04-08T14:26:36
21:18:48 INFO  - 🔔 Событие наступило: [shopping] в 2025-03-05T14:26:41
21:18:53 INFO  - 🔔 Событие наступило: [cleaning] в 2025-04-08T14:26:36
21:18:53 INFO  - 🔔 Событие наступило: [shopping] в 2025-03-05T14:26:41
21:18:58 INFO  - 🔔 Событие наступило: [cleaning] в 2025-04-08T14:26:36
21:18:58 INFO  - 🔔 Событие наступило: [shopping] в 2025-03-05T14:26:41
21:19:03 INFO  - 🔔 Событие наступило: [cleaning] в 2025-04-08T14:26:36
21:19:03 INFO  - 🔔 Событие наступило: [shopping] в 2025-03-05T14:26:41
21:19:08 INFO  - 🔔 Событие наступило: [cleaning] в 2025-04-08T14:26:36
21:19:08 INFO  - 🔔 Событие наступило: [shopping] в 2025-03-05T14:26:41
21:19:13 INFO  - 🔔 Событие наступило: [cleaning] в 2025-04-08T14:26:36
21:19:13 INFO  - 🔔 Событие наступило: [shopping] в 2025-03-05T14:26:41
21:19:18 INFO  - 🔔 Событие наступило: [cleaning] в 2025-04-08T14:26:36
21:19:18 INFO  - 🔔 Событие наступило: [shopping] в 2025-03-05T14:26:41
21:19:24 INFO  - 🔔 Событие наступило: [cleaning] в 2025-04-08T14:26:36
21:19:24 INFO  - 🔔 Событие наступило: [shopping] в 2025-03-05T14:26:41
21:19:29 INFO  - 🔔 Событие наступило: [cleaning] в 2025-04-08T14:26:36
21:19:29 INFO  - 🔔 Событие наступило: [shopping] в 2025-03-05T14:26:41
21:19:34 INFO  - 🔔 Событие наступило: [cleaning] в 2025-04-08T14:26:36
21:19:34 INFO  - 🔔 Событие наступило: [shopping] в 2025-03-05T14:26:41
21:19:39 INFO  - 🔔 Событие наступило: [cleaning] в 2025-04-08T14:26:36
21:19:39 INFO  - 🔔 Событие наступило: [shopping] в 2025-03-05T14:26:41
21:19:44 INFO  - 🔔 Событие наступило: [cleaning] в 2025-04-08T14:26:36
21:19:44 INFO  - 🔔 Событие наступило: [shopping] в 2025-03-05T14:26:41
21:19:49 INFO  - 🔔 Событие наступило: [cleaning] в 2025-04-08T14:26:36
21:19:49 INFO  - 🔔 Событие наступило: [shopping] в 2025-03-05T14:26:41
21:19:54 INFO  - 🔔 Событие наступило: [cleaning] в 2025-04-08T14:26:36
21:19:54 INFO  - 🔔 Событие наступило: [shopping] в 2025-03-05T14:26:41
21:19:59 INFO  - 🔔 Событие наступило: [cleaning] в 2025-04-08T14:26:36
21:19:59 INFO  - 🔔 Событие наступило: [shopping] в 2025-03-05T14:26:41
21:20:04 INFO  - 🔔 Событие наступило: [cleaning] в 2025-04-08T14:26:36
21:20:04 INFO  - 🔔 Событие наступило: [shopping] в 2025-03-05T14:26:41
21:20:09 INFO  - 🔔 Событие наступило: [cleaning] в 2025-04-08T14:26:36
21:20:09 INFO  - 🔔 Событие наступило: [shopping] в 2025-03-05T14:26:41
21:20:14 INFO  - 🔔 Событие наступило: [cleaning] в 2025-04-08T14:26:36
21:20:14 INFO  - 🔔 Событие наступило: [shopping] в 2025-03-05T14:26:41
21:20:19 INFO  - 🔔 Событие наступило: [cleaning] в 2025-04-08T14:26:36
21:20:19 INFO  - 🔔 Событие наступило: [shopping] в 2025-03-05T14:26:41
21:20:24 INFO  - 🔔 Событие наступило: [cleaning] в 2025-04-08T14:26:36
21:20:24 INFO  - 🔔 Событие наступило: [shopping] в 2025-03-05T14:26:41
21:20:29 INFO  - 🔔 Событие наступило: [cleaning] в 2025-04-08T14:26:36
21:20:29 INFO  - 🔔 Событие наступило: [shopping] в 2025-03-05T14:26:41
21:20:34 INFO  - 🔔 Событие наступило: [cleaning] в 2025-04-08T14:26:36
21:20:34 INFO  - 🔔 Событие наступило: [shopping] в 2025-03-05T14:26:41
21:20:39 INFO  - 🔔 Событие наступило: [cleaning] в 2025-04-08T14:26:36
21:20:39 INFO  - 🔔 Событие наступило: [shopping] в 2025-03-05T14:26:41
21:20:44 INFO  - 🔔 Событие наступило: [cleaning] в 2025-04-08T14:26:36
21:20:44 INFO  - 🔔 Событие наступило: [shopping] в 2025-03-05T14:26:41
21:20:49 INFO  - 🔔 Событие наступило: [cleaning] в 2025-04-08T14:26:36
21:20:49 INFO  - 🔔 Событие наступило: [shopping] в 2025-03-05T14:26:41
21:20:55 INFO  - 🔔 Событие наступило: [cleaning] в 2025-04-08T14:26:36
21:20:55 INFO  - 🔔 Событие наступило: [shopping] в 2025-03-05T14:26:41
21:21:00 INFO  - 🔔 Событие наступило: [cleaning] в 2025-04-08T14:26:36
21:21:00 INFO  - 🔔 Событие наступило: [shopping] в 2025-03-05T14:26:41
21:21:05 INFO  - 🔔 Событие наступило: [cleaning] в 2025-04-08T14:26:36
21:21:05 INFO  - 🔔 Событие наступило: [shopping] в 2025-03-05T14:26:41
21:21:10 INFO  - 🔔 Событие наступило: [cleaning] в 2025-04-08T14:26:36
21:21:10 INFO  - 🔔 Событие наступило: [shopping] в 2025-03-05T14:26:41
21:21:15 INFO  - 🔔 Событие наступило: [cleaning] в 2025-04-08T14:26:36
21:21:15 INFO  - 🔔 Событие наступило: [shopping] в 2025-03-05T14:26:41
21:21:20 INFO  - 🔔 Событие наступило: [cleaning] в 2025-04-08T14:26:36
21:21:20 INFO  - 🔔 Событие наступило: [shopping] в 2025-03-05T14:26:41
21:21:25 INFO  - 🔔 Событие наступило: [cleaning] в 2025-04-08T14:26:36
21:21:25 INFO  - 🔔 Событие наступило: [shopping] в 2025-03-05T14:26:41
21:21:30 INFO  - 🔔 Событие наступило: [cleaning] в 2025-04-08T14:26:36
21:21:30 INFO  - 🔔 Событие наступило: [shopping] в 2025-03-05T14:26:41
21:21:35 INFO  - 🔔 Событие наступило: [cleaning] в 2025-04-08T14:26:36
21:21:35 INFO  - 🔔 Событие наступило: [shopping] в 2025-03-05T14:26:41
21:21:40 INFO  - 🔔 Событие наступило: [cleaning] в 2025-04-08T14:26:36
21:21:40 INFO  - 🔔 Событие наступило: [shopping] в 2025-03-05T14:26:41
21:21:45 INFO  - 🔔 Событие наступило: [cleaning] в 2025-04-08T14:26:36
21:21:45 INFO  - 🔔 Событие наступило: [shopping] в 2025-03-05T14:26:41
21:21:50 INFO  - 🔔 Событие наступило: [cleaning] в 2025-04-08T14:26:36
21:21:50 INFO  - 🔔 Событие наступило: [shopping] в 2025-03-05T14:26:41
21:21:55 INFO  - 🔔 Событие наступило: [cleaning] в 2025-04-08T14:26:36
21:21:55 INFO  - 🔔 Событие наступило: [shopping] в 2025-03-05T14:26:41
21:22:00 INFO  - 🔔 Событие наступило: [cleaning] в 2025-04-08T14:26:36
21:22:00 INFO  - 🔔 Событие наступило: [shopping] в 2025-03-05T14:26:41
21:22:05 INFO  - 🔔 Событие наступило: [cleaning] в 2025-04-08T14:26:36
21:22:05 INFO  - 🔔 Событие наступило: [shopping] в 2025-03-05T14:26:41
21:22:10 INFO  - 🔔 Событие наступило: [cleaning] в 2025-04-08T14:26:36
21:22:10 INFO  - 🔔 Событие наступило: [shopping] в 2025-03-05T14:26:41
21:22:15 INFO  - 🔔 Событие наступило: [cleaning] в 2025-04-08T14:26:36
21:22:15 INFO  - 🔔 Событие наступило: [shopping] в 2025-03-05T14:26:41
21:22:20 INFO  - 🔔 Событие наступило: [cleaning] в 2025-04-08T14:26:36
21:22:20 INFO  - 🔔 Событие наступило: [shopping] в 2025-03-05T14:26:41
21:22:26 INFO  - 🔔 Событие наступило: [cleaning] в 2025-04-08T14:26:36
21:22:26 INFO  - 🔔 Событие наступило: [shopping] в 2025-03-05T14:26:41
21:22:31 INFO  - 🔔 Событие наступило: [cleaning] в 2025-04-08T14:26:36
21:22:31 INFO  - 🔔 Событие наступило: [shopping] в 2025-03-05T14:26:41
21:22:36 INFO  - 🔔 Событие наступило: [cleaning] в 2025-04-08T14:26:36
21:22:36 INFO  - 🔔 Событие наступило: [shopping] в 2025-03-05T14:26:41
21:22:41 INFO  - 🔔 Событие наступило: [cleaning] в 2025-04-08T14:26:36
21:22:41 INFO  - 🔔 Событие наступило: [shopping] в 2025-03-05T14:26:41
21:22:46 INFO  - 🔔 Событие наступило: [cleaning] в 2025-04-08T14:26:36
21:22:46 INFO  - 🔔 Событие наступило: [shopping] в 2025-03-05T14:26:41
21:22:51 INFO  - 🔔 Событие наступило: [cleaning] в 2025-04-08T14:26:36
21:22:51 INFO  - 🔔 Событие наступило: [shopping] в 2025-03-05T14:26:41
21:22:56 INFO  - 🔔 Событие наступило: [cleaning] в 2025-04-08T14:26:36
21:22:56 INFO  - 🔔 Событие наступило: [shopping] в 2025-03-05T14:26:41
21:23:01 INFO  - 🔔 Событие наступило: [cleaning] в 2025-04-08T14:26:36
21:23:01 INFO  - 🔔 Событие наступило: [shopping] в 2025-03-05T14:26:41
21:23:06 INFO  - 🔔 Событие наступило: [cleaning] в 2025-04-08T14:26:36
21:23:06 INFO  - 🔔 Событие наступило: [shopping] в 2025-03-05T14:26:41
21:23:11 INFO  - 🔔 Событие наступило: [cleaning] в 2025-04-08T14:26:36
21:23:11 INFO  - 🔔 Событие наступило: [shopping] в 2025-03-05T14:26:41
21:23:16 INFO  - 🔔 Событие наступило: [cleaning] в 2025-04-08T14:26:36
21:23:16 INFO  - 🔔 Событие наступило: [shopping] в 2025-03-05T14:26:41
21:23:21 INFO  - 🔔 Событие наступило: [cleaning] в 2025-04-08T14:26:36
21:23:21 INFO  - 🔔 Событие наступило: [shopping] в 2025-03-05T14:26:41
21:23:26 INFO  - 🔔 Событие наступило: [cleaning] в 2025-04-08T14:26:36
21:23:26 INFO  - 🔔 Событие наступило: [shopping] в 2025-03-05T14:26:41
21:23:31 INFO  - 🔔 Событие наступило: [cleaning] в 2025-04-08T14:26:36
21:23:31 INFO  - 🔔 Событие наступило: [shopping] в 2025-03-05T14:26:41
21:23:36 INFO  - 🔔 Событие наступило: [cleaning] в 2025-04-08T14:26:36
21:23:36 INFO  - 🔔 Событие наступило: [shopping] в 2025-03-05T14:26:41
21:23:41 INFO  - 🔔 Событие наступило: [cleaning] в 2025-04-08T14:26:36
21:23:41 INFO  - 🔔 Событие наступило: [shopping] в 2025-03-05T14:26:41
21:23:46 INFO  - 🔔 Событие наступило: [cleaning] в 2025-04-08T14:26:36
21:23:46 INFO  - 🔔 Событие наступило: [shopping] в 2025-03-05T14:26:41
21:23:51 INFO  - 🔔 Событие наступило: [cleaning] в 2025-04-08T14:26:36
21:23:51 INFO  - 🔔 Событие наступило: [shopping] в 2025-03-05T14:26:41
21:23:57 INFO  - 🔔 Событие наступило: [cleaning] в 2025-04-08T14:26:36
21:23:57 INFO  - 🔔 Событие наступило: [shopping] в 2025-03-05T14:26:41
21:24:02 INFO  - 🔔 Событие наступило: [cleaning] в 2025-04-08T14:26:36
21:24:02 INFO  - 🔔 Событие наступило: [shopping] в 2025-03-05T14:26:41
21:24:07 INFO  - 🔔 Событие наступило: [cleaning] в 2025-04-08T14:26:36
21:24:07 INFO  - 🔔 Событие наступило: [shopping] в 2025-03-05T14:26:41
21:24:12 INFO  - 🔔 Событие наступило: [cleaning] в 2025-04-08T14:26:36
21:24:12 INFO  - 🔔 Событие наступило: [shopping] в 2025-03-05T14:26:41
21:24:17 INFO  - 🔔 Событие наступило: [cleaning] в 2025-04-08T14:26:36
21:24:17 INFO  - 🔔 Событие наступило: [shopping] в 2025-03-05T14:26:41
21:24:22 INFO  - 🔔 Событие наступило: [cleaning] в 2025-04-08T14:26:36
21:24:22 INFO  - 🔔 Событие наступило: [shopping] в 2025-03-05T14:26:41
21:24:27 INFO  - 🔔 Событие наступило: [cleaning] в 2025-04-08T14:26:36
21:24:27 INFO  - 🔔 Событие наступило: [shopping] в 2025-03-05T14:26:41
21:24:32 INFO  - 🔔 Событие наступило: [cleaning] в 2025-04-08T14:26:36
21:24:32 INFO  - 🔔 Событие наступило: [shopping] в 2025-03-05T14:26:41
21:24:37 INFO  - 🔔 Событие наступило: [cleaning] в 2025-04-08T14:26:36
21:24:37 INFO  - 🔔 Событие наступило: [shopping] в 2025-03-05T14:26:41
21:24:42 INFO  - 🔔 Событие наступило: [cleaning] в 2025-04-08T14:26:36
21:24:42 INFO  - 🔔 Событие наступило: [shopping] в 2025-03-05T14:26:41
21:24:47 INFO  - 🔔 Событие наступило: [cleaning] в 2025-04-08T14:26:36
21:24:47 INFO  - 🔔 Событие наступило: [shopping] в 2025-03-05T14:26:41
21:24:52 INFO  - 🔔 Событие наступило: [cleaning] в 2025-04-08T14:26:36
21:24:52 INFO  - 🔔 Событие наступило: [shopping] в 2025-03-05T14:26:41
21:24:57 INFO  - 🔔 Событие наступило: [cleaning] в 2025-04-08T14:26:36
21:24:57 INFO  - 🔔 Событие наступило: [shopping] в 2025-03-05T14:26:41
21:25:02 INFO  - 🔔 Событие наступило: [cleaning] в 2025-04-08T14:26:36
21:25:02 INFO  - 🔔 Событие наступило: [shopping] в 2025-03-05T14:26:41
21:25:07 INFO  - 🔔 Событие наступило: [cleaning] в 2025-04-08T14:26:36
21:25:07 INFO  - 🔔 Событие наступило: [shopping] в 2025-03-05T14:26:41
21:25:12 INFO  - 🔔 Событие наступило: [cleaning] в 2025-04-08T14:26:36
21:25:12 INFO  - 🔔 Событие наступило: [shopping] в 2025-03-05T14:26:41
21:25:17 INFO  - 🔔 Событие наступило: [cleaning] в 2025-04-08T14:26:36
21:25:17 INFO  - 🔔 Событие наступило: [shopping] в 2025-03-05T14:26:41
21:25:22 INFO  - 🔔 Событие наступило: [cleaning] в 2025-04-08T14:26:36
21:25:22 INFO  - 🔔 Событие наступило: [shopping] в 2025-03-05T14:26:41
21:25:27 INFO  - 🔔 Событие наступило: [cleaning] в 2025-04-08T14:26:36
21:25:27 INFO  - 🔔 Событие наступило: [shopping] в 2025-03-05T14:26:41
21:25:32 INFO  - 🔔 Событие наступило: [cleaning] в 2025-04-08T14:26:36
21:25:32 INFO  - 🔔 Событие наступило: [shopping] в 2025-03-05T14:26:41
21:25:38 INFO  - 🔔 Событие наступило: [cleaning] в 2025-04-08T14:26:36
21:25:38 INFO  - 🔔 Событие наступило: [shopping] в 2025-03-05T14:26:41
21:25:43 INFO  - 🔔 Событие наступило: [cleaning] в 2025-04-08T14:26:36
21:25:43 INFO  - 🔔 Событие наступило: [shopping] в 2025-03-05T14:26:41
21:25:48 INFO  - 🔔 Событие наступило: [cleaning] в 2025-04-08T14:26:36
21:25:48 INFO  - 🔔 Событие наступило: [shopping] в 2025-03-05T14:26:41
21:25:53 INFO  - 🔔 Событие наступило: [cleaning] в 2025-04-08T14:26:36
21:25:53 INFO  - 🔔 Событие наступило: [shopping] в 2025-03-05T14:26:41
21:25:58 INFO  - 🔔 Событие наступило: [cleaning] в 2025-04-08T14:26:36
21:25:58 INFO  - 🔔 Событие наступило: [shopping] в 2025-03-05T14:26:41
21:26:03 INFO  - 🔔 Событие наступило: [cleaning] в 2025-04-08T14:26:36
21:26:03 INFO  - 🔔 Событие наступило: [shopping] в 2025-03-05T14:26:41
21:26:08 INFO  - 🔔 Событие наступило: [cleaning] в 2025-04-08T14:26:36
21:26:08 INFO  - 🔔 Событие наступило: [shopping] в 2025-03-05T14:26:41
21:26:13 INFO  - 🔔 Событие наступило: [cleaning] в 2025-04-08T14:26:36
21:26:13 INFO  - 🔔 Событие наступило: [shopping] в 2025-03-05T14:26:41
21:26:18 INFO  - 🔔 Событие наступило: [cleaning] в 2025-04-08T14:26:36
21:26:18 INFO  - 🔔 Событие наступило: [shopping] в 2025-03-05T14:26:41
21:26:23 INFO  - 🔔 Событие наступило: [cleaning] в 2025-04-08T14:26:36
21:26:23 INFO  - 🔔 Событие наступило: [shopping] в 2025-03-05T14:26:41
21:26:28 INFO  - 🔔 Событие наступило: [cleaning] в 2025-04-08T14:26:36
21:26:28 INFO  - 🔔 Событие наступило: [shopping] в 2025-03-05T14:26:41
21:26:33 INFO  - 🔔 Событие наступило: [cleaning] в 2025-04-08T14:26:36
21:26:33 INFO  - 🔔 Событие наступило: [shopping] в 2025-03-05T14:26:41
21:26:35 INFO  - Autoreload is disabled because the development mode is off.
21:26:35 INFO  - Application started in 0.364 seconds.
21:26:35 INFO  - Responding at http://127.0.0.1:8080
21:26:35 INFO  - 🔔 Событие наступило: [cleaning] в 2025-04-08T14:26:36
21:26:35 INFO  - 🔔 Событие наступило: [shopping] в 2025-03-05T14:26:41
21:26:40 INFO  - 🔔 Событие наступило: [cleaning] в 2025-04-08T14:26:36
21:26:40 INFO  - 🔔 Событие наступило: [shopping] в 2025-03-05T14:26:41
21:26:45 INFO  - 🔔 Событие наступило: [cleaning] в 2025-04-08T14:26:36
21:26:45 INFO  - 🔔 Событие наступило: [shopping] в 2025-03-05T14:26:41
21:26:51 INFO  - 🔔 Событие наступило: [cleaning] в 2025-04-08T14:26:36
21:26:51 INFO  - 🔔 Событие наступило: [shopping] в 2025-03-05T14:26:41
21:26:56 INFO  - 🔔 Событие наступило: [cleaning] в 2025-04-08T14:26:36
21:26:56 INFO  - 🔔 Событие наступило: [shopping] в 2025-03-05T14:26:41
21:27:01 INFO  - 🔔 Событие наступило: [cleaning] в 2025-04-08T14:26:36
21:27:01 INFO  - 🔔 Событие наступило: [shopping] в 2025-03-05T14:26:41
21:27:06 INFO  - 🔔 Событие наступило: [cleaning] в 2025-04-08T14:26:36
21:27:06 INFO  - 🔔 Событие наступило: [shopping] в 2025-03-05T14:26:41
21:27:11 INFO  - 🔔 Событие наступило: [cleaning] в 2025-04-08T14:26:36
21:27:11 INFO  - 🔔 Событие наступило: [shopping] в 2025-03-05T14:26:41
21:27:16 INFO  - 🔔 Событие наступило: [cleaning] в 2025-04-08T14:26:36
21:27:16 INFO  - 🔔 Событие наступило: [shopping] в 2025-03-05T14:26:41
21:27:21 INFO  - 🔔 Событие наступило: [cleaning] в 2025-04-08T14:26:36
21:27:21 INFO  - 🔔 Событие наступило: [shopping] в 2025-03-05T14:26:41
21:27:26 INFO  - 🔔 Событие наступило: [cleaning] в 2025-04-08T14:26:36
21:27:26 INFO  - 🔔 Событие наступило: [shopping] в 2025-03-05T14:26:41
21:27:31 INFO  - 🔔 Событие наступило: [cleaning] в 2025-04-08T14:26:36
21:27:31 INFO  - 🔔 Событие наступило: [shopping] в 2025-03-05T14:26:41
21:27:36 INFO  - 🔔 Событие наступило: [cleaning] в 2025-04-08T14:26:36
21:27:36 INFO  - 🔔 Событие наступило: [shopping] в 2025-03-05T14:26:41
21:27:41 INFO  - 🔔 Событие наступило: [cleaning] в 2025-04-08T14:26:36
21:27:41 INFO  - 🔔 Событие наступило: [shopping] в 2025-03-05T14:26:41
21:27:46 INFO  - 🔔 Событие наступило: [cleaning] в 2025-04-08T14:26:36
21:27:46 INFO  - 🔔 Событие наступило: [shopping] в 2025-03-05T14:26:41
21:27:51 INFO  - 🔔 Событие наступило: [cleaning] в 2025-04-08T14:26:36
21:27:51 INFO  - 🔔 Событие наступило: [shopping] в 2025-03-05T14:26:41
21:27:56 INFO  - 🔔 Событие наступило: [cleaning] в 2025-04-08T14:26:36
21:27:56 INFO  - 🔔 Событие наступило: [shopping] в 2025-03-05T14:26:41
21:28:01 INFO  - 🔔 Событие наступило: [cleaning] в 2025-04-08T14:26:36
21:28:01 INFO  - 🔔 Событие наступило: [shopping] в 2025-03-05T14:26:41
21:28:06 INFO  - 🔔 Событие наступило: [cleaning] в 2025-04-08T14:26:36
21:28:06 INFO  - 🔔 Событие наступило: [shopping] в 2025-03-05T14:26:41
21:28:33 INFO  - Autoreload is disabled because the development mode is off.
21:28:33 INFO  - Application started in 0.356 seconds.
21:28:33 INFO  - Responding at http://127.0.0.1:8080
22:01:04 INFO  - Autoreload is disabled because the development mode is off.
22:01:04 INFO  - Application started in 0.392 seconds.
22:01:05 INFO  - Responding at http://127.0.0.1:8080
22:02:01 INFO  - Autoreload is disabled because the development mode is off.
22:02:01 INFO  - Application started in 0.327 seconds.
22:02:01 INFO  - Responding at http://127.0.0.1:8080
22:04:16 INFO  - Autoreload is disabled because the development mode is off.
22:04:16 INFO  - Application started in 0.367 seconds.
22:04:16 INFO  - Responding at http://127.0.0.1:8080
00:55:49 INFO  - Autoreload is disabled because the development mode is off.
00:55:49 INFO  - Application started in 0.33 seconds.
00:55:49 INFO  - Responding at http://127.0.0.1:8080
