2025-04-22 14:19:56.774 [main] INFO  Application - Autoreload is disabled because the development mode is off.
2025-04-22 14:19:56.958 [main] INFO  Application - Application started in 0.396 seconds.
2025-04-22 14:19:57.249 [DefaultDispatcher-worker-3] INFO  Application - Responding at http://127.0.0.1:8080
2025-04-22 14:19:57.271 [DefaultDispatcher-worker-3] INFO  com.example.scheduler.TaskScheduler - !!! Событие наступило: (cleaning) в 2025-04-08T14:26:36
2025-04-22 14:19:57.272 [DefaultDispatcher-worker-3] INFO  com.example.scheduler.TaskScheduler - !!! Событие наступило: (shopping) в 2025-03-05T14:26:41
2025-04-22 14:20:02.334 [DefaultDispatcher-worker-3] INFO  com.example.scheduler.TaskScheduler - !!! Событие наступило: (cleaning) в 2025-04-08T14:26:36
2025-04-22 14:20:02.334 [DefaultDispatcher-worker-3] INFO  com.example.scheduler.TaskScheduler - !!! Событие наступило: (shopping) в 2025-03-05T14:26:41
2025-04-22 14:20:07.392 [DefaultDispatcher-worker-2] INFO  com.example.scheduler.TaskScheduler - !!! Событие наступило: (cleaning) в 2025-04-08T14:26:36
2025-04-22 14:20:07.392 [DefaultDispatcher-worker-2] INFO  com.example.scheduler.TaskScheduler - !!! Событие наступило: (shopping) в 2025-03-05T14:26:41
2025-04-22 14:20:12.447 [DefaultDispatcher-worker-1] INFO  com.example.scheduler.TaskScheduler - !!! Событие наступило: (cleaning) в 2025-04-08T14:26:36
2025-04-22 14:20:12.447 [DefaultDispatcher-worker-1] INFO  com.example.scheduler.TaskScheduler - !!! Событие наступило: (shopping) в 2025-03-05T14:26:41
2025-04-22 14:37:40.005 [main] INFO  Application - Autoreload is disabled because the development mode is off.
2025-04-22 14:37:40.190 [main] INFO  Application - Application started in 0.392 seconds.
2025-04-22 14:37:40.452 [DefaultDispatcher-worker-3] INFO  Application - Responding at http://127.0.0.1:8080
2025-04-22 14:37:40.475 [DefaultDispatcher-worker-3] INFO  com.example.scheduler.TaskScheduler - !!! Событие наступило: (cleaning) в 2025-04-08T14:26:36
2025-04-22 14:37:40.475 [DefaultDispatcher-worker-3] INFO  com.example.scheduler.TaskScheduler - !!! Событие наступило: (shopping) в 2025-03-05T14:26:41
2025-04-22 14:37:45.546 [DefaultDispatcher-worker-3] INFO  com.example.scheduler.TaskScheduler - !!! Событие наступило: (cleaning) в 2025-04-08T14:26:36
2025-04-22 14:37:45.546 [DefaultDispatcher-worker-3] INFO  com.example.scheduler.TaskScheduler - !!! Событие наступило: (shopping) в 2025-03-05T14:26:41
2025-04-22 14:37:50.606 [DefaultDispatcher-worker-3] INFO  com.example.scheduler.TaskScheduler - !!! Событие наступило: (cleaning) в 2025-04-08T14:26:36
2025-04-22 14:37:50.606 [DefaultDispatcher-worker-3] INFO  com.example.scheduler.TaskScheduler - !!! Событие наступило: (shopping) в 2025-03-05T14:26:41
2025-04-22 14:37:55.657 [DefaultDispatcher-worker-3] INFO  com.example.scheduler.TaskScheduler - !!! Событие наступило: (cleaning) в 2025-04-08T14:26:36
2025-04-22 14:37:55.657 [DefaultDispatcher-worker-3] INFO  com.example.scheduler.TaskScheduler - !!! Событие наступило: (shopping) в 2025-03-05T14:26:41
2025-04-22 14:38:00.711 [DefaultDispatcher-worker-1] INFO  com.example.scheduler.TaskScheduler - !!! Событие наступило: (cleaning) в 2025-04-08T14:26:36
2025-04-22 14:38:00.711 [DefaultDispatcher-worker-1] INFO  com.example.scheduler.TaskScheduler - !!! Событие наступило: (shopping) в 2025-03-05T14:26:41
2025-04-22 14:38:05.764 [DefaultDispatcher-worker-3] INFO  com.example.scheduler.TaskScheduler - !!! Событие наступило: (cleaning) в 2025-04-08T14:26:36
2025-04-22 14:38:05.764 [DefaultDispatcher-worker-3] INFO  com.example.scheduler.TaskScheduler - !!! Событие наступило: (shopping) в 2025-03-05T14:26:41
2025-04-22 14:38:10.816 [DefaultDispatcher-worker-2] INFO  com.example.scheduler.TaskScheduler - !!! Событие наступило: (cleaning) в 2025-04-08T14:26:36
2025-04-22 14:38:10.816 [DefaultDispatcher-worker-2] INFO  com.example.scheduler.TaskScheduler - !!! Событие наступило: (shopping) в 2025-03-05T14:26:41
2025-04-22 14:38:15.863 [DefaultDispatcher-worker-1] INFO  com.example.scheduler.TaskScheduler - !!! Событие наступило: (cleaning) в 2025-04-08T14:26:36
2025-04-22 14:38:15.863 [DefaultDispatcher-worker-1] INFO  com.example.scheduler.TaskScheduler - !!! Событие наступило: (shopping) в 2025-03-05T14:26:41
2025-04-22 14:38:20.921 [DefaultDispatcher-worker-3] INFO  com.example.scheduler.TaskScheduler - !!! Событие наступило: (cleaning) в 2025-04-08T14:26:36
2025-04-22 14:38:20.921 [DefaultDispatcher-worker-3] INFO  com.example.scheduler.TaskScheduler - !!! Событие наступило: (shopping) в 2025-03-05T14:26:41
2025-04-22 14:38:25.979 [DefaultDispatcher-worker-2] INFO  com.example.scheduler.TaskScheduler - !!! Событие наступило: (cleaning) в 2025-04-08T14:26:36
2025-04-22 14:38:25.980 [DefaultDispatcher-worker-2] INFO  com.example.scheduler.TaskScheduler - !!! Событие наступило: (shopping) в 2025-03-05T14:26:41
2025-04-22 14:38:31.034 [DefaultDispatcher-worker-2] INFO  com.example.scheduler.TaskScheduler - !!! Событие наступило: (cleaning) в 2025-04-08T14:26:36
2025-04-22 14:38:31.035 [DefaultDispatcher-worker-2] INFO  com.example.scheduler.TaskScheduler - !!! Событие наступило: (shopping) в 2025-03-05T14:26:41
2025-04-22 14:38:36.084 [DefaultDispatcher-worker-3] INFO  com.example.scheduler.TaskScheduler - !!! Событие наступило: (cleaning) в 2025-04-08T14:26:36
2025-04-22 14:38:36.085 [DefaultDispatcher-worker-3] INFO  com.example.scheduler.TaskScheduler - !!! Событие наступило: (shopping) в 2025-03-05T14:26:41
2025-04-22 14:38:41.139 [DefaultDispatcher-worker-1] INFO  com.example.scheduler.TaskScheduler - !!! Событие наступило: (cleaning) в 2025-04-08T14:26:36
2025-04-22 14:38:41.139 [DefaultDispatcher-worker-1] INFO  com.example.scheduler.TaskScheduler - !!! Событие наступило: (shopping) в 2025-03-05T14:26:41
2025-04-22 14:38:46.192 [DefaultDispatcher-worker-2] INFO  com.example.scheduler.TaskScheduler - !!! Событие наступило: (cleaning) в 2025-04-08T14:26:36
2025-04-22 14:38:46.193 [DefaultDispatcher-worker-2] INFO  com.example.scheduler.TaskScheduler - !!! Событие наступило: (shopping) в 2025-03-05T14:26:41
2025-04-22 14:38:51.248 [DefaultDispatcher-worker-1] INFO  com.example.scheduler.TaskScheduler - !!! Событие наступило: (cleaning) в 2025-04-08T14:26:36
2025-04-22 14:38:51.248 [DefaultDispatcher-worker-1] INFO  com.example.scheduler.TaskScheduler - !!! Событие наступило: (shopping) в 2025-03-05T14:26:41
2025-04-22 14:38:56.299 [DefaultDispatcher-worker-1] INFO  com.example.scheduler.TaskScheduler - !!! Событие наступило: (cleaning) в 2025-04-08T14:26:36
2025-04-22 14:38:56.300 [DefaultDispatcher-worker-1] INFO  com.example.scheduler.TaskScheduler - !!! Событие наступило: (shopping) в 2025-03-05T14:26:41
2025-04-22 14:39:01.348 [DefaultDispatcher-worker-2] INFO  com.example.scheduler.TaskScheduler - !!! Событие наступило: (cleaning) в 2025-04-08T14:26:36
2025-04-22 14:39:01.348 [DefaultDispatcher-worker-2] INFO  com.example.scheduler.TaskScheduler - !!! Событие наступило: (shopping) в 2025-03-05T14:26:41
2025-04-22 14:39:06.394 [DefaultDispatcher-worker-1] INFO  com.example.scheduler.TaskScheduler - !!! Событие наступило: (cleaning) в 2025-04-08T14:26:36
2025-04-22 14:39:06.395 [DefaultDispatcher-worker-1] INFO  com.example.scheduler.TaskScheduler - !!! Событие наступило: (shopping) в 2025-03-05T14:26:41
2025-04-22 14:39:11.447 [DefaultDispatcher-worker-2] INFO  com.example.scheduler.TaskScheduler - !!! Событие наступило: (cleaning) в 2025-04-08T14:26:36
2025-04-22 14:39:11.452 [DefaultDispatcher-worker-2] INFO  com.example.scheduler.TaskScheduler - !!! Событие наступило: (shopping) в 2025-03-05T14:26:41
2025-04-22 14:39:16.504 [DefaultDispatcher-worker-3] INFO  com.example.scheduler.TaskScheduler - !!! Событие наступило: (cleaning) в 2025-04-08T14:26:36
2025-04-22 14:39:16.504 [DefaultDispatcher-worker-3] INFO  com.example.scheduler.TaskScheduler - !!! Событие наступило: (shopping) в 2025-03-05T14:26:41
2025-04-22 14:39:21.560 [DefaultDispatcher-worker-2] INFO  com.example.scheduler.TaskScheduler - !!! Событие наступило: (cleaning) в 2025-04-08T14:26:36
2025-04-22 14:39:21.560 [DefaultDispatcher-worker-2] INFO  com.example.scheduler.TaskScheduler - !!! Событие наступило: (shopping) в 2025-03-05T14:26:41
2025-04-22 14:39:26.619 [DefaultDispatcher-worker-3] INFO  com.example.scheduler.TaskScheduler - !!! Событие наступило: (cleaning) в 2025-04-08T14:26:36
2025-04-22 14:39:26.620 [DefaultDispatcher-worker-3] INFO  com.example.scheduler.TaskScheduler - !!! Событие наступило: (shopping) в 2025-03-05T14:26:41
2025-04-22 14:39:31.677 [DefaultDispatcher-worker-1] INFO  com.example.scheduler.TaskScheduler - !!! Событие наступило: (cleaning) в 2025-04-08T14:26:36
2025-04-22 14:39:31.677 [DefaultDispatcher-worker-1] INFO  com.example.scheduler.TaskScheduler - !!! Событие наступило: (shopping) в 2025-03-05T14:26:41
2025-04-22 14:39:36.734 [DefaultDispatcher-worker-3] INFO  com.example.scheduler.TaskScheduler - !!! Событие наступило: (cleaning) в 2025-04-08T14:26:36
2025-04-22 14:39:36.735 [DefaultDispatcher-worker-3] INFO  com.example.scheduler.TaskScheduler - !!! Событие наступило: (shopping) в 2025-03-05T14:26:41
2025-04-22 14:39:41.797 [DefaultDispatcher-worker-2] INFO  com.example.scheduler.TaskScheduler - !!! Событие наступило: (cleaning) в 2025-04-08T14:26:36
2025-04-22 14:39:41.798 [DefaultDispatcher-worker-2] INFO  com.example.scheduler.TaskScheduler - !!! Событие наступило: (shopping) в 2025-03-05T14:26:41
2025-04-22 14:39:46.852 [DefaultDispatcher-worker-1] INFO  com.example.scheduler.TaskScheduler - !!! Событие наступило: (cleaning) в 2025-04-08T14:26:36
2025-04-22 14:39:46.852 [DefaultDispatcher-worker-1] INFO  com.example.scheduler.TaskScheduler - !!! Событие наступило: (shopping) в 2025-03-05T14:26:41
2025-04-22 14:39:51.897 [DefaultDispatcher-worker-2] INFO  com.example.scheduler.TaskScheduler - !!! Событие наступило: (cleaning) в 2025-04-08T14:26:36
2025-04-22 14:39:51.897 [DefaultDispatcher-worker-2] INFO  com.example.scheduler.TaskScheduler - !!! Событие наступило: (shopping) в 2025-03-05T14:26:41
2025-04-22 14:39:56.941 [DefaultDispatcher-worker-1] INFO  com.example.scheduler.TaskScheduler - !!! Событие наступило: (cleaning) в 2025-04-08T14:26:36
2025-04-22 14:39:56.941 [DefaultDispatcher-worker-1] INFO  com.example.scheduler.TaskScheduler - !!! Событие наступило: (shopping) в 2025-03-05T14:26:41
2025-04-22 14:40:01.988 [DefaultDispatcher-worker-3] INFO  com.example.scheduler.TaskScheduler - !!! Событие наступило: (cleaning) в 2025-04-08T14:26:36
2025-04-22 14:40:01.988 [DefaultDispatcher-worker-3] INFO  com.example.scheduler.TaskScheduler - !!! Событие наступило: (shopping) в 2025-03-05T14:26:41
2025-04-22 14:40:07.043 [DefaultDispatcher-worker-2] INFO  com.example.scheduler.TaskScheduler - !!! Событие наступило: (cleaning) в 2025-04-08T14:26:36
2025-04-22 14:40:07.043 [DefaultDispatcher-worker-2] INFO  com.example.scheduler.TaskScheduler - !!! Событие наступило: (shopping) в 2025-03-05T14:26:41
2025-04-22 14:40:12.097 [DefaultDispatcher-worker-1] INFO  com.example.scheduler.TaskScheduler - !!! Событие наступило: (cleaning) в 2025-04-08T14:26:36
2025-04-22 14:40:12.098 [DefaultDispatcher-worker-1] INFO  com.example.scheduler.TaskScheduler - !!! Событие наступило: (shopping) в 2025-03-05T14:26:41
2025-04-22 14:40:17.162 [DefaultDispatcher-worker-2] INFO  com.example.scheduler.TaskScheduler - !!! Событие наступило: (cleaning) в 2025-04-08T14:26:36
2025-04-22 14:40:17.162 [DefaultDispatcher-worker-2] INFO  com.example.scheduler.TaskScheduler - !!! Событие наступило: (shopping) в 2025-03-05T14:26:41
2025-04-22 14:40:22.212 [DefaultDispatcher-worker-3] INFO  com.example.scheduler.TaskScheduler - !!! Событие наступило: (cleaning) в 2025-04-08T14:26:36
2025-04-22 14:40:22.212 [DefaultDispatcher-worker-3] INFO  com.example.scheduler.TaskScheduler - !!! Событие наступило: (shopping) в 2025-03-05T14:26:41
2025-04-22 14:40:27.260 [DefaultDispatcher-worker-2] INFO  com.example.scheduler.TaskScheduler - !!! Событие наступило: (cleaning) в 2025-04-08T14:26:36
2025-04-22 14:40:27.260 [DefaultDispatcher-worker-2] INFO  com.example.scheduler.TaskScheduler - !!! Событие наступило: (shopping) в 2025-03-05T14:26:41
2025-04-22 14:40:32.307 [DefaultDispatcher-worker-2] INFO  com.example.scheduler.TaskScheduler - !!! Событие наступило: (cleaning) в 2025-04-08T14:26:36
2025-04-22 14:40:32.307 [DefaultDispatcher-worker-2] INFO  com.example.scheduler.TaskScheduler - !!! Событие наступило: (shopping) в 2025-03-05T14:26:41
2025-04-22 14:40:37.371 [DefaultDispatcher-worker-1] INFO  com.example.scheduler.TaskScheduler - !!! Событие наступило: (cleaning) в 2025-04-08T14:26:36
2025-04-22 14:40:37.371 [DefaultDispatcher-worker-1] INFO  com.example.scheduler.TaskScheduler - !!! Событие наступило: (shopping) в 2025-03-05T14:26:41
2025-04-22 14:40:42.423 [DefaultDispatcher-worker-2] INFO  com.example.scheduler.TaskScheduler - !!! Событие наступило: (cleaning) в 2025-04-08T14:26:36
2025-04-22 14:40:42.423 [DefaultDispatcher-worker-2] INFO  com.example.scheduler.TaskScheduler - !!! Событие наступило: (shopping) в 2025-03-05T14:26:41
2025-04-22 14:40:47.479 [DefaultDispatcher-worker-1] INFO  com.example.scheduler.TaskScheduler - !!! Событие наступило: (cleaning) в 2025-04-08T14:26:36
2025-04-22 14:40:47.479 [DefaultDispatcher-worker-1] INFO  com.example.scheduler.TaskScheduler - !!! Событие наступило: (shopping) в 2025-03-05T14:26:41
2025-04-22 14:40:52.533 [DefaultDispatcher-worker-2] INFO  com.example.scheduler.TaskScheduler - !!! Событие наступило: (cleaning) в 2025-04-08T14:26:36
2025-04-22 14:40:52.533 [DefaultDispatcher-worker-2] INFO  com.example.scheduler.TaskScheduler - !!! Событие наступило: (shopping) в 2025-03-05T14:26:41
2025-04-22 14:40:57.596 [DefaultDispatcher-worker-3] INFO  com.example.scheduler.TaskScheduler - !!! Событие наступило: (cleaning) в 2025-04-08T14:26:36
2025-04-22 14:40:57.596 [DefaultDispatcher-worker-3] INFO  com.example.scheduler.TaskScheduler - !!! Событие наступило: (shopping) в 2025-03-05T14:26:41
2025-04-22 14:41:02.646 [DefaultDispatcher-worker-1] INFO  com.example.scheduler.TaskScheduler - !!! Событие наступило: (cleaning) в 2025-04-08T14:26:36
2025-04-22 14:41:02.646 [DefaultDispatcher-worker-1] INFO  com.example.scheduler.TaskScheduler - !!! Событие наступило: (shopping) в 2025-03-05T14:26:41
2025-04-22 14:41:07.696 [DefaultDispatcher-worker-3] INFO  com.example.scheduler.TaskScheduler - !!! Событие наступило: (cleaning) в 2025-04-08T14:26:36
2025-04-22 14:41:07.696 [DefaultDispatcher-worker-3] INFO  com.example.scheduler.TaskScheduler - !!! Событие наступило: (shopping) в 2025-03-05T14:26:41
2025-04-22 14:41:12.742 [DefaultDispatcher-worker-1] INFO  com.example.scheduler.TaskScheduler - !!! Событие наступило: (cleaning) в 2025-04-08T14:26:36
2025-04-22 14:41:12.742 [DefaultDispatcher-worker-1] INFO  com.example.scheduler.TaskScheduler - !!! Событие наступило: (shopping) в 2025-03-05T14:26:41
2025-04-22 14:41:17.804 [DefaultDispatcher-worker-3] INFO  com.example.scheduler.TaskScheduler - !!! Событие наступило: (cleaning) в 2025-04-08T14:26:36
2025-04-22 14:41:17.804 [DefaultDispatcher-worker-3] INFO  com.example.scheduler.TaskScheduler - !!! Событие наступило: (shopping) в 2025-03-05T14:26:41
2025-04-22 14:48:27.761 [main] INFO  Application - Autoreload is disabled because the development mode is off.
2025-04-22 14:48:27.952 [main] INFO  Application - Application started in 0.42 seconds.
2025-04-22 14:48:28.212 [DefaultDispatcher-worker-1] INFO  Application - Responding at http://127.0.0.1:8080
